[08-Jul-2026 12:17:13] NOTICE: fpm is running, pid 83989
[08-Jul-2026 12:17:13] NOTICE: ready to handle connections
[08-Jul-2026 12:41:58] NOTICE: Terminating ...
[08-Jul-2026 12:41:58] NOTICE: Terminating ...
[08-Jul-2026 12:41:58] NOTICE: exiting, bye-bye!
[08-Jul-2026 12:41:58] NOTICE: fpm is running, pid 85051
[08-Jul-2026 12:41:58] NOTICE: ready to handle connections
[08-Jul-2026 12:46:19] NOTICE: Terminating ...
[08-Jul-2026 12:46:19] NOTICE: Terminating ...
[08-Jul-2026 12:46:19] NOTICE: exiting, bye-bye!
[08-Jul-2026 13:24:41] NOTICE: fpm is running, pid 87647
[08-Jul-2026 13:24:41] NOTICE: ready to handle connections
[08-Jul-2026 15:14:57] NOTICE: Terminating ...
[08-Jul-2026 15:14:57] NOTICE: Terminating ...
[08-Jul-2026 15:14:57] NOTICE: exiting, bye-bye!
[15-Jul-2026 19:31:17] NOTICE: fpm is running, pid 13261
[15-Jul-2026 19:31:17] NOTICE: ready to handle connections
[17-Jul-2026 04:24:09] NOTICE: Terminating ...
[17-Jul-2026 04:24:09] NOTICE: Terminating ...
[17-Jul-2026 04:24:09] NOTICE: exiting, bye-bye!
[18-Jul-2026 22:38:39] NOTICE: fpm is running, pid 44072
[18-Jul-2026 22:38:39] NOTICE: ready to handle connections
[19-Jul-2026 02:23:37] WARNING: [pool www] child 44081 said into stderr: "sh: --help: command not found"
[19-Jul-2026 02:23:37] WARNING: [pool www] child 44081 said into stderr: "sh: mysqldump: command not found"
[19-Jul-2026 02:23:37] WARNING: [pool www] child 44081 said into stderr: "sh: /usr/local/bin/mysqldump: No such file or directory"
[19-Jul-2026 02:23:37] WARNING: [pool www] child 44081 said into stderr: "sh: /usr/local/mysql/bin/mysqldump: No such file or directory"
[19-Jul-2026 02:23:38] WARNING: [pool www] child 44081 said into stderr: "sh: /usr/mysql/bin/mysqldump: No such file or directory"
[19-Jul-2026 02:23:38] WARNING: [pool www] child 44081 said into stderr: "sh: /usr/bin/mysqldump: No such file or directory"
[19-Jul-2026 02:23:38] WARNING: [pool www] child 44081 said into stderr: "sh: /opt/local/lib/mysql6/bin/mysqldump: No such file or directory"
[19-Jul-2026 02:23:38] WARNING: [pool www] child 44081 said into stderr: "sh: /opt/local/lib/mysql5/bin/mysqldump: No such file or directory"
[19-Jul-2026 02:23:38] WARNING: [pool www] child 44081 said into stderr: "sh: /usr/bin/mysqldump: No such file or directory"
[19-Jul-2026 02:23:47] WARNING: [pool www] child 44080 said into stderr: "sh: --help: command not found"
[19-Jul-2026 02:23:47] WARNING: [pool www] child 44080 said into stderr: "sh: mysqldump: command not found"
[19-Jul-2026 02:23:47] WARNING: [pool www] child 44080 said into stderr: "sh: /usr/local/bin/mysqldump: No such file or directory"
[19-Jul-2026 02:23:47] WARNING: [pool www] child 44080 said into stderr: "sh: /usr/local/mysql/bin/mysqldump: No such file or directory"
[19-Jul-2026 02:23:47] WARNING: [pool www] child 44080 said into stderr: "sh: /usr/mysql/bin/mysqldump: No such file or directory"
[19-Jul-2026 02:23:47] WARNING: [pool www] child 44080 said into stderr: "sh: /usr/bin/mysqldump: No such file or directory"
[19-Jul-2026 02:23:47] WARNING: [pool www] child 44080 said into stderr: "sh: /opt/local/lib/mysql6/bin/mysqldump: No such file or directory"
[19-Jul-2026 02:23:47] WARNING: [pool www] child 44080 said into stderr: "sh: /opt/local/lib/mysql5/bin/mysqldump: No such file or directory"
[19-Jul-2026 02:23:47] WARNING: [pool www] child 44080 said into stderr: "sh: /usr/bin/mysqldump: No such file or directory"
[19-Jul-2026 02:23:47] WARNING: [pool www] child 44080 said into stderr: "sh: --help: command not found"
[19-Jul-2026 02:23:47] WARNING: [pool www] child 44080 said into stderr: "sh: mysqldump: command not found"
[19-Jul-2026 02:23:47] WARNING: [pool www] child 44080 said into stderr: "sh: /usr/local/bin/mysqldump: No such file or directory"
[19-Jul-2026 02:23:47] WARNING: [pool www] child 44080 said into stderr: "sh: /usr/local/mysql/bin/mysqldump: No such file or directory"
[19-Jul-2026 02:23:47] WARNING: [pool www] child 44080 said into stderr: "sh: /usr/mysql/bin/mysqldump: No such file or directory"
[19-Jul-2026 02:23:47] WARNING: [pool www] child 44080 said into stderr: "sh: /usr/bin/mysqldump: No such file or directory"
[19-Jul-2026 02:23:47] WARNING: [pool www] child 44080 said into stderr: "sh: /opt/local/lib/mysql6/bin/mysqldump: No such file or directory"
[19-Jul-2026 02:23:47] WARNING: [pool www] child 44080 said into stderr: "sh: /opt/local/lib/mysql5/bin/mysqldump: No such file or directory"
[19-Jul-2026 02:23:47] WARNING: [pool www] child 44080 said into stderr: "sh: /usr/bin/mysqldump: No such file or directory"
[19-Jul-2026 02:24:00] WARNING: [pool www] child 44080 said into stderr: "sh: --help: command not found"
[19-Jul-2026 02:24:00] WARNING: [pool www] child 44080 said into stderr: "sh: mysqldump: command not found"
[19-Jul-2026 02:24:00] WARNING: [pool www] child 44080 said into stderr: "sh: /usr/local/bin/mysqldump: No such file or directory"
[19-Jul-2026 02:24:00] WARNING: [pool www] child 44080 said into stderr: "sh: /usr/local/mysql/bin/mysqldump: No such file or directory"
[19-Jul-2026 02:24:00] WARNING: [pool www] child 44080 said into stderr: "sh: /usr/mysql/bin/mysqldump: No such file or directory"
[19-Jul-2026 02:24:00] WARNING: [pool www] child 44080 said into stderr: "sh: /usr/bin/mysqldump: No such file or directory"
[19-Jul-2026 02:24:00] WARNING: [pool www] child 44080 said into stderr: "sh: /opt/local/lib/mysql6/bin/mysqldump: No such file or directory"
[19-Jul-2026 02:24:00] WARNING: [pool www] child 44080 said into stderr: "sh: /opt/local/lib/mysql5/bin/mysqldump: No such file or directory"
[19-Jul-2026 02:24:00] WARNING: [pool www] child 44080 said into stderr: "sh: /usr/bin/mysqldump: No such file or directory"
[19-Jul-2026 02:25:13] WARNING: [pool www] child 44081 said into stderr: "sh: --help: command not found"
[19-Jul-2026 02:25:13] WARNING: [pool www] child 44081 said into stderr: "sh: mysqldump: command not found"
[19-Jul-2026 02:25:13] WARNING: [pool www] child 44081 said into stderr: "sh: /usr/local/bin/mysqldump: No such file or directory"
[19-Jul-2026 02:25:13] WARNING: [pool www] child 44081 said into stderr: "sh: /usr/local/mysql/bin/mysqldump: No such file or directory"
[19-Jul-2026 02:25:13] WARNING: [pool www] child 44081 said into stderr: "sh: /usr/mysql/bin/mysqldump: No such file or directory"
[19-Jul-2026 02:25:13] WARNING: [pool www] child 44081 said into stderr: "sh: /usr/bin/mysqldump: No such file or directory"
[19-Jul-2026 02:25:13] WARNING: [pool www] child 44081 said into stderr: "sh: /opt/local/lib/mysql6/bin/mysqldump: No such file or directory"
[19-Jul-2026 02:25:13] WARNING: [pool www] child 44081 said into stderr: "sh: /opt/local/lib/mysql5/bin/mysqldump: No such file or directory"
[19-Jul-2026 02:25:13] WARNING: [pool www] child 44081 said into stderr: "sh: /usr/bin/mysqldump: No such file or directory"
[19-Jul-2026 02:25:16] WARNING: [pool www] child 44080 said into stderr: "sh: --help: command not found"
[19-Jul-2026 02:25:16] WARNING: [pool www] child 44080 said into stderr: "sh: mysqldump: command not found"
[19-Jul-2026 02:25:16] WARNING: [pool www] child 44080 said into stderr: "sh: /usr/local/bin/mysqldump: No such file or directory"
[19-Jul-2026 02:25:16] WARNING: [pool www] child 44080 said into stderr: "sh: /usr/local/mysql/bin/mysqldump: No such file or directory"
[19-Jul-2026 02:25:16] WARNING: [pool www] child 44080 said into stderr: "sh: /usr/mysql/bin/mysqldump: No such file or directory"
[19-Jul-2026 02:25:16] WARNING: [pool www] child 44080 said into stderr: "sh: /usr/bin/mysqldump: No such file or directory"
[19-Jul-2026 02:25:16] WARNING: [pool www] child 44080 said into stderr: "sh: /opt/local/lib/mysql6/bin/mysqldump: No such file or directory"
[19-Jul-2026 02:25:16] WARNING: [pool www] child 44080 said into stderr: "sh: /opt/local/lib/mysql5/bin/mysqldump: No such file or directory"
[19-Jul-2026 02:25:16] WARNING: [pool www] child 44080 said into stderr: "sh: /usr/bin/mysqldump: No such file or directory"
[19-Jul-2026 02:25:16] WARNING: [pool www] child 44080 said into stderr: "sh: --help: command not found"
[19-Jul-2026 02:25:16] WARNING: [pool www] child 44080 said into stderr: "sh: mysqldump: command not found"
[19-Jul-2026 02:25:16] WARNING: [pool www] child 44080 said into stderr: "sh: /usr/local/bin/mysqldump: No such file or directory"
[19-Jul-2026 02:25:16] WARNING: [pool www] child 44080 said into stderr: "sh: /usr/local/mysql/bin/mysqldump: No such file or directory"
[19-Jul-2026 02:25:16] WARNING: [pool www] child 44080 said into stderr: "sh: /usr/mysql/bin/mysqldump: No such file or directory"
[19-Jul-2026 02:25:16] WARNING: [pool www] child 44080 said into stderr: "sh: /usr/bin/mysqldump: No such file or directory"
[19-Jul-2026 02:25:16] WARNING: [pool www] child 44080 said into stderr: "sh: /opt/local/lib/mysql6/bin/mysqldump: No such file or directory"
[19-Jul-2026 02:25:16] WARNING: [pool www] child 44080 said into stderr: "sh: /opt/local/lib/mysql5/bin/mysqldump: No such file or directory"
[19-Jul-2026 02:25:16] WARNING: [pool www] child 44080 said into stderr: "sh: /usr/bin/mysqldump: No such file or directory"
[19-Jul-2026 02:25:24] WARNING: [pool www] child 44080 said into stderr: "sh: --help: command not found"
[19-Jul-2026 02:25:24] WARNING: [pool www] child 44080 said into stderr: "sh: mysqldump: command not found"
[19-Jul-2026 02:25:24] WARNING: [pool www] child 44080 said into stderr: "sh: /usr/local/bin/mysqldump: No such file or directory"
[19-Jul-2026 02:25:24] WARNING: [pool www] child 44080 said into stderr: "sh: /usr/local/mysql/bin/mysqldump: No such file or directory"
[19-Jul-2026 02:25:24] WARNING: [pool www] child 44080 said into stderr: "sh: /usr/mysql/bin/mysqldump: No such file or directory"
[19-Jul-2026 02:25:24] WARNING: [pool www] child 44080 said into stderr: "sh: /usr/bin/mysqldump: No such file or directory"
[19-Jul-2026 02:25:24] WARNING: [pool www] child 44080 said into stderr: "sh: /opt/local/lib/mysql6/bin/mysqldump: No such file or directory"
[19-Jul-2026 02:25:24] WARNING: [pool www] child 44080 said into stderr: "sh: /opt/local/lib/mysql5/bin/mysqldump: No such file or directory"
[19-Jul-2026 02:25:24] WARNING: [pool www] child 44080 said into stderr: "sh: /usr/bin/mysqldump: No such file or directory"
[19-Jul-2026 02:29:29] WARNING: [pool www] child 44081 said into stderr: "sh: --help: command not found"
[19-Jul-2026 02:29:29] WARNING: [pool www] child 44081 said into stderr: "sh: mysqldump: command not found"
[19-Jul-2026 02:29:29] WARNING: [pool www] child 44081 said into stderr: "sh: /usr/local/bin/mysqldump: No such file or directory"
[19-Jul-2026 02:29:29] WARNING: [pool www] child 44081 said into stderr: "sh: /usr/local/mysql/bin/mysqldump: No such file or directory"
[19-Jul-2026 02:29:29] WARNING: [pool www] child 44081 said into stderr: "sh: /usr/mysql/bin/mysqldump: No such file or directory"
[19-Jul-2026 02:29:29] WARNING: [pool www] child 44081 said into stderr: "sh: /usr/bin/mysqldump: No such file or directory"
[19-Jul-2026 02:29:29] WARNING: [pool www] child 44081 said into stderr: "sh: /opt/local/lib/mysql6/bin/mysqldump: No such file or directory"
[19-Jul-2026 02:29:29] WARNING: [pool www] child 44081 said into stderr: "sh: /opt/local/lib/mysql5/bin/mysqldump: No such file or directory"
[19-Jul-2026 02:29:29] WARNING: [pool www] child 44081 said into stderr: "sh: /usr/bin/mysqldump: No such file or directory"
